c:\users\uliss\onedrive\área de trabalho\opengl\opengl\x64\debug\vc142.pdb
c:\users\uliss\onedrive\área de trabalho\opengl\opengl\x64\debug\vc142.idb
c:\users\uliss\onedrive\área de trabalho\opengl\opengl\x64\debug\world.obj
c:\users\uliss\onedrive\área de trabalho\opengl\opengl\x64\debug\vbo.obj
c:\users\uliss\onedrive\área de trabalho\opengl\opengl\x64\debug\vao.obj
c:\users\uliss\onedrive\área de trabalho\opengl\opengl\x64\debug\texture.obj
c:\users\uliss\onedrive\área de trabalho\opengl\opengl\x64\debug\stb.obj
c:\users\uliss\onedrive\área de trabalho\opengl\opengl\x64\debug\shader.obj
c:\users\uliss\onedrive\área de trabalho\opengl\opengl\x64\debug\mesh.obj
c:\users\uliss\onedrive\área de trabalho\opengl\opengl\x64\debug\main.obj
c:\users\uliss\onedrive\área de trabalho\opengl\opengl\x64\debug\glad.obj
c:\users\uliss\onedrive\área de trabalho\opengl\opengl\x64\debug\ebo.obj
c:\users\uliss\onedrive\área de trabalho\opengl\opengl\x64\debug\coordinate.obj
c:\users\uliss\onedrive\área de trabalho\opengl\opengl\x64\debug\chunk.obj
c:\users\uliss\onedrive\área de trabalho\opengl\opengl\x64\debug\camera.obj
c:\users\uliss\onedrive\área de trabalho\opengl\opengl\x64\debug\block.obj
c:\users\uliss\onedrive\área de trabalho\opengl\x64\debug\opengl.ilk
c:\users\uliss\onedrive\área de trabalho\opengl\x64\debug\opengl.exe
c:\users\uliss\onedrive\área de trabalho\opengl\x64\debug\opengl.pdb
c:\users\uliss\onedrive\área de trabalho\opengl\opengl\x64\debug\opengl.tlog\cl.command.1.tlog
c:\users\uliss\onedrive\área de trabalho\opengl\opengl\x64\debug\opengl.tlog\cl.read.1.tlog
c:\users\uliss\onedrive\área de trabalho\opengl\opengl\x64\debug\opengl.tlog\cl.write.1.tlog
c:\users\uliss\onedrive\área de trabalho\opengl\opengl\x64\debug\opengl.tlog\link.command.1.tlog
c:\users\uliss\onedrive\área de trabalho\opengl\opengl\x64\debug\opengl.tlog\link.read.1.tlog
c:\users\uliss\onedrive\área de trabalho\opengl\opengl\x64\debug\opengl.tlog\link.write.1.tlog
