  Block.cpp
C:\Programação\teste\OpenGL\src\Block.cpp(77,13): warning C4244: 'inicializando': conversão de 'double' para 'float', possível perda de dados
C:\Programação\teste\OpenGL\src\Block.cpp(78,13): warning C4244: 'inicializando': conversão de 'double' para 'float', possível perda de dados
C:\Programação\teste\OpenGL\src\Block.cpp(83,94): warning C4244: '=': conversão de 'double' para 'T', possível perda de dados
          with
          [
              T=float
          ]
C:\Programação\teste\OpenGL\src\Block.cpp(85,49): warning C4244: '=': conversão de 'double' para 'T', possível perda de dados
          with
          [
              T=float
          ]
  Camera.cpp
C:\Programação\teste\OpenGL\src\Camera.cpp(21,18): warning C4244: '=': conversão de 'double' para 'float', possível perda de dados
C:\Programação\teste\OpenGL\src\Camera.cpp(22,18): warning C4244: '=': conversão de 'double' para 'float', possível perda de dados
C:\Programação\teste\OpenGL\src\Camera.cpp(26,19): warning C4244: 'inicializando': conversão de 'double' para 'float', possível perda de dados
C:\Programação\teste\OpenGL\src\Camera.cpp(27,19): warning C4244: 'inicializando': conversão de 'double' para 'float', possível perda de dados
C:\Programação\teste\OpenGL\src\Camera.cpp(28,14): warning C4244: '=': conversão de 'double' para 'float', possível perda de dados
C:\Programação\teste\OpenGL\src\Camera.cpp(29,14): warning C4244: '=': conversão de 'double' para 'float', possível perda de dados
C:\Programação\teste\OpenGL\src\Camera.cpp(104,110): warning C4244: 'argumento': conversão de 'T' para 'int', possível perda de dados
          with
          [
              T=float
          ]
C:\Programação\teste\OpenGL\src\Camera.cpp(104,81): warning C4244: 'argumento': conversão de 'T' para 'int', possível perda de dados
          with
          [
              T=float
          ]
C:\Programação\teste\OpenGL\src\Camera.cpp(104,52): warning C4244: 'argumento': conversão de 'T' para 'int', possível perda de dados
          with
          [
              T=float
          ]
C:\Programação\teste\OpenGL\src\Camera.cpp(123,110): warning C4244: 'argumento': conversão de 'T' para 'int', possível perda de dados
          with
          [
              T=float
          ]
C:\Programação\teste\OpenGL\src\Camera.cpp(123,81): warning C4244: 'argumento': conversão de 'T' para 'int', possível perda de dados
          with
          [
              T=float
          ]
C:\Programação\teste\OpenGL\src\Camera.cpp(123,52): warning C4244: 'argumento': conversão de 'T' para 'int', possível perda de dados
          with
          [
              T=float
          ]
C:\Programação\teste\OpenGL\src\Camera.cpp(142,110): warning C4244: 'argumento': conversão de 'T' para 'int', possível perda de dados
          with
          [
              T=float
          ]
C:\Programação\teste\OpenGL\src\Camera.cpp(142,81): warning C4244: 'argumento': conversão de 'T' para 'int', possível perda de dados
          with
          [
              T=float
          ]
C:\Programação\teste\OpenGL\src\Camera.cpp(142,52): warning C4244: 'argumento': conversão de 'T' para 'int', possível perda de dados
          with
          [
              T=float
          ]
C:\Programação\teste\OpenGL\src\Camera.cpp(222,77): warning C4244: 'argumento': conversão de 'T' para 'int', possível perda de dados
          with
          [
              T=float
          ]
C:\Programação\teste\OpenGL\src\Camera.cpp(222,53): warning C4244: 'argumento': conversão de 'T' para 'int', possível perda de dados
          with
          [
              T=float
          ]
C:\Programação\teste\OpenGL\src\Camera.cpp(223,62): warning C4244: 'argumento': conversão de 'T' para 'int', possível perda de dados
          with
          [
              T=float
          ]
C:\Programação\teste\OpenGL\src\Camera.cpp(223,47): warning C4244: 'argumento': conversão de 'T' para 'int', possível perda de dados
          with
          [
              T=float
          ]
  Chunk.cpp
C:\Programação\teste\OpenGL\src\Chunk.cpp(53,16): warning C4244: 'inicializando': conversão de 'int' para 'float', possível perda de dados
C:\Programação\teste\OpenGL\src\Chunk.cpp(53,44): warning C4244: 'inicializando': conversão de 'int' para 'float', possível perda de dados
C:\Programação\teste\OpenGL\src\Chunk.cpp(106,70): warning C4267: 'argumento': conversão de 'size_t' para 'GLuint', possível perda de dados
C:\Programação\teste\OpenGL\src\Chunk.cpp(122,70): warning C4267: 'argumento': conversão de 'size_t' para 'GLuint', possível perda de dados
C:\Programação\teste\OpenGL\src\Chunk.cpp(127,50): warning C4267: 'argumento': conversão de 'size_t' para 'int', possível perda de dados
C:\Programação\teste\OpenGL\src\Chunk.cpp(143,58): warning C4244: 'inicializando': conversão de 'float' para 'int', possível perda de dados
C:\Programação\teste\OpenGL\src\Chunk.cpp(143,21): warning C4244: 'inicializando': conversão de 'float' para 'const int', possível perda de dados
C:\Programação\teste\OpenGL\src\Chunk.cpp(144,58): warning C4244: 'inicializando': conversão de 'float' para 'int', possível perda de dados
C:\Programação\teste\OpenGL\src\Chunk.cpp(144,21): warning C4244: 'inicializando': conversão de 'float' para 'const int', possível perda de dados
  EBO.cpp
  Mesh.cpp
  Shader.cpp
  Texture.cpp
  Thread_Safe_Queue.cpp
  VAO.cpp
C:\Programação\teste\OpenGL\src\VAO.cpp(20,63): warning C4244: 'argumento': conversão de 'GLsizeiptr' para 'GLsizei', possível perda de dados
  VBO.cpp
  World.cpp
  glad.cpp
  main.cpp
C:\Programação\teste\OpenGL\src\main.cpp(89,36): warning C4305: 'argumento': truncamento de 'double' para 'float'
C:\Programação\teste\OpenGL\src\main.cpp(94,49): warning C4305: 'argumento': truncamento de 'double' para 'float'
C:\Programação\teste\OpenGL\src\main.cpp(101,42): warning C4305: 'argumento': truncamento de 'double' para 'float'
C:\Programação\teste\OpenGL\src\main.cpp(105,42): warning C4305: 'argumento': truncamento de 'double' para 'float'
C:\Programação\teste\OpenGL\src\main.cpp(110,44): warning C4305: 'argumento': truncamento de 'double' para 'float'
C:\Programação\teste\OpenGL\src\main.cpp(161,147): warning C4244: 'argumento': conversão de 'float' para 'int', possível perda de dados
C:\Programação\teste\OpenGL\src\main.cpp(161,92): warning C4244: 'argumento': conversão de 'float' para 'int', possível perda de dados
C:\Programação\teste\OpenGL\src\main.cpp(162,153): warning C4244: 'argumento': conversão de 'float' para 'int', possível perda de dados
C:\Programação\teste\OpenGL\src\main.cpp(162,98): warning C4244: 'argumento': conversão de 'float' para 'int', possível perda de dados
  Gerando Código...
  OpenGL.vcxproj -> C:\Programação\teste\x64\Debug\OpenGL.exe
